Thu Feb  6 18:04:08 2025       
+---------------------------------------------------------------------------------------+
| NVIDIA-SMI 535.86.10              Driver Version: 535.86.10    CUDA Version: 12.2     |
|-----------------------------------------+----------------------+----------------------+
| GPU  Name                 Persistence-M | Bus-Id        Disp.A | Volatile Uncorr. ECC |
| Fan  Temp   Perf          Pwr:Usage/Cap |         Memory-Usage | GPU-Util  Compute M. |
|                                         |                      |               MIG M. |
|=========================================+======================+======================|
|   0  Tesla P100-SXM2-16GB           On  | 00000000:05:00.0 Off |                    0 |
| N/A   35C    P0              32W / 300W |      0MiB / 16384MiB |      0%      Default |
|                                         |                      |                  N/A |
+-----------------------------------------+----------------------+----------------------+
|   1  Tesla P100-SXM2-16GB           On  | 00000000:06:00.0 Off |                    0 |
| N/A   33C    P0              33W / 300W |      0MiB / 16384MiB |      0%      Default |
|                                         |                      |                  N/A |
+-----------------------------------------+----------------------+----------------------+
|   2  Tesla P100-SXM2-16GB           On  | 00000000:84:00.0 Off |                    0 |
| N/A   35C    P0              34W / 300W |      0MiB / 16384MiB |      0%      Default |
|                                         |                      |                  N/A |
+-----------------------------------------+----------------------+----------------------+
|   3  Tesla P100-SXM2-16GB           On  | 00000000:85:00.0 Off |                    0 |
| N/A   34C    P0              31W / 300W |      0MiB / 16384MiB |      0%      Default |
|                                         |                      |                  N/A |
+-----------------------------------------+----------------------+----------------------+
                                                                                         
+---------------------------------------------------------------------------------------+
| Processes:                                                                            |
|  GPU   GI   CI        PID   Type   Process name                            GPU Memory |
|        ID   ID                                                             Usage      |
|=======================================================================================|
|  No running processes found                                                           |
+---------------------------------------------------------------------------------------+
Python 3.9.0

--- Test Evaluation Results ---
Test Accuracy: 0.9407
Test mIoU: 0.7450

Class-wise IoU Scores:
  Class 0 ((255, 0, 0)): 0.9164
  Class 1 ((0, 0, 255)): 0.9224
  Class 2 ((255, 255, 255)): 0.8783
  Class 3 ((255, 255, 0)): 0.2629

--- Final Test Results ---
Final Test Accuracy: 0.9407
Final Test mIoU: 0.7450

Final Class-wise IoU Scores:
Class 0 ((255, 0, 0)): 0.9164
Class 1 ((0, 0, 255)): 0.9224
Class 2 ((255, 255, 255)): 0.8783
Class 3 ((255, 255, 0)): 0.2629
